Arguments: 
  /usr/bin/node /usr/bin/yarnpkg install --offline

PATH: 
  /home/devshots/bin:/home/devshots/bin:/usr/local/sbin:/usr/local/bin:/usr/sbin:/usr/bin:/sbin:/bin:/usr/games:/usr/local/games:/snap/bin:/home/devshots/programms/PhpStorm-212.5284.49/bin:/home/devshots/programms/android-studio/bin:/home/devshots/Android/Sdk/emulator:/home/devshots/Android/Sdk/tools:/home/devshots/Android/Sdk/tools/bin:/home/devshots/Android/Sdk/platform-tools:/home/devshots/Android/Sdk/platform-tools:/home/devshots/.yarn/bin

Yarn version: 
  1.22.10

Node version: 
  14.19.1

Platform: 
  linux x64

Trace: 
  Invariant Violation: There should only be one folder in a package cache (got  in /home/devshots/.cache/yarn/v6/npm-@ru-digital-assets-ui-library-0.0.1-bca89a0737ed7c0d475cfd808fe1a6cee702495e-integrity/node_modules/@ru-digital-assets)
      at invariant (/usr/lib/node_modules/yarn/lib/cli.js:2314:15)
      at /usr/lib/node_modules/yarn/lib/cli.js:60693:11
      at Generator.next (<anonymous>)
      at step (/usr/lib/node_modules/yarn/lib/cli.js:310:30)
      at /usr/lib/node_modules/yarn/lib/cli.js:321:13

npm manifest: 
  {
    "name": "native-todo-list",
    "version": "1.0.0",
    "main": "node_modules/expo/AppEntry.js",
    "scripts": {
      "start": "expo start",
      "android": "expo start --android",
      "ios": "expo start --ios",
      "web": "expo start --web",
      "eject": "expo eject"
    },
    "dependencies": {
      "expo": "~44.0.0",
      "expo-status-bar": "~1.2.0",
      "react": "17.0.1",
      "react-dom": "17.0.1",
      "react-native": "0.64.3",
      "react-native-web": "0.17.1"
    },
    "devDependencies": {
      "@babel/core": "^7.12.9",
      "@types/react": "~17.0.21",
      "@types/react-native": "~0.64.12",
      "typescript": "~4.3.5"
    },
    "private": true
  }

yarn manifest: 
  No manifest

Lockfile: 
  No lockfile
